yarn add v1.22.22
[1/4] Resolving packages...
[2/4] Fetching packages...
warning Pattern ["buffer@^6.0.3","buffer@^6.0.3","buffer@^6.0.3","buffer@^6.0.3","buffer@6.0.3","buffer@^6.0.3","buffer@~6.0.3","buffer@^6.0.3","buffer@^6.0.3","buffer@6.0.3","buffer@^6.0.3","buffer@^6.0.3"] is trying to unpack in the same destination "/usr/local/share/.cache/yarn/v6/npm-buffer-6.0.3-2ace578459cc8fbe2a70aaa8f52ee63b6a74c6c6-integrity/node_modules/buffer" as pattern ["buffer@^6.0.3"]. This could result in non-deterministic behavior, skipping.
warning require-addon@1.1.0: The engine "bare" appears to be invalid.
warning bare-os@3.6.1: The engine "bare" appears to be invalid.
[3/4] Linking dependencies...
warning "@solana/wallet-adapter-react > @solana-mobile/wallet-adapter-mobile > @react-native-async-storage/async-storage@1.24.0" has unmet peer dependency "react-native@^0.0.0-0 || >=0.60 <1.0".
warning "@solana/wallet-adapter-react > @solana-mobile/wallet-adapter-mobile > @solana-mobile/mobile-wallet-adapter-protocol-web3js > @solana-mobile/mobile-wallet-adapter-protocol@2.2.1" has unmet peer dependency "react-native@>0.69".
warning "@solana/wallet-adapter-wallets > @solana/wallet-adapter-particle > @particle-network/solana-wallet@1.3.2" has incorrect peer dependency "bs58@^4.0.1".
warning "@solana/wallet-adapter-wallets > @solana/wallet-adapter-torus > @toruslabs/solana-embed@2.1.0" has unmet peer dependency "@babel/runtime@7.x".
warning "@solana/wallet-adapter-wallets > @solana/wallet-adapter-trezor > @trezor/connect-web@9.6.0" has unmet peer dependency "tslib@^2.6.2".
warning "@solana/wallet-adapter-wallets > @solana/wallet-adapter-torus > @toruslabs/solana-embed > @toruslabs/base-controllers@5.11.0" has unmet peer dependency "@babel/runtime@7.x".
warning "@solana/wallet-adapter-wallets > @solana/wallet-adapter-torus > @toruslabs/solana-embed > @toruslabs/http-helpers@6.1.1" has unmet peer dependency "@babel/runtime@^7.x".
warning "@solana/wallet-adapter-wallets > @solana/wallet-adapter-torus > @toruslabs/solana-embed > @toruslabs/openlogin-jrpc@8.3.0" has unmet peer dependency "@babel/runtime@7.x".
warning "@solana/wallet-adapter-wallets > @solana/wallet-adapter-trezor > @trezor/connect-web > @trezor/connect@9.6.0" has unmet peer dependency "tslib@^2.6.2".
warning "@solana/wallet-adapter-wallets > @solana/wallet-adapter-trezor > @trezor/connect-web > @trezor/connect-common@0.4.0" has unmet peer dependency "tslib@^2.6.2".
warning "@solana/wallet-adapter-wallets > @solana/wallet-adapter-trezor > @trezor/connect-web > @trezor/utils@9.4.0" has unmet peer dependency "tslib@^2.6.2".
warning "@solana/wallet-adapter-wallets > @solana/wallet-adapter-keystone > @keystonehq/sol-keyring > @keystonehq/sdk > qrcode.react@1.0.1" has incorrect peer dependency "react@^15.5.3 || ^16.0.0 || ^17.0.0".
warning "@solana/wallet-adapter-wallets > @solana/wallet-adapter-keystone > @keystonehq/sol-keyring > @keystonehq/sdk > react-qr-reader@2.2.1" has incorrect peer dependency "react@~16".
warning "@solana/wallet-adapter-wallets > @solana/wallet-adapter-keystone > @keystonehq/sol-keyring > @keystonehq/sdk > react-qr-reader@2.2.1" has incorrect peer dependency "react-dom@~16".
warning "@solana/wallet-adapter-wallets > @solana/wallet-adapter-keystone > @keystonehq/sol-keyring > @solana/web3.js > @solana/codecs-numbers@2.1.1" has unmet peer dependency "typescript@>=5.3.3".
warning "@solana/wallet-adapter-wallets > @solana/wallet-adapter-torus > @toruslabs/solana-embed > @toruslabs/base-controllers > @toruslabs/openlogin-utils@8.2.1" has unmet peer dependency "@babel/runtime@7.x".
warning "@solana/wallet-adapter-wallets > @solana/wallet-adapter-trezor > @trezor/connect-web > @trezor/connect > @solana-program/token-2022@0.4.2" has unmet peer dependency "@solana/sysvars@^2.1.0".
warning "@solana/wallet-adapter-wallets > @solana/wallet-adapter-trezor > @trezor/connect-web > @trezor/connect > @solana/kit@2.1.1" has unmet peer dependency "typescript@>=5.3.3".
warning "@solana/wallet-adapter-wallets > @solana/wallet-adapter-trezor > @trezor/connect-web > @trezor/connect > @trezor/blockchain-link@2.5.0" has unmet peer dependency "tslib@^2.6.2".
warning "@solana/wallet-adapter-wallets > @solana/wallet-adapter-trezor > @trezor/connect-web > @trezor/connect > @trezor/blockchain-link-types@1.4.0" has unmet peer dependency "tslib@^2.6.2".
warning "@solana/wallet-adapter-wallets > @solana/wallet-adapter-trezor > @trezor/connect-web > @trezor/connect > @trezor/blockchain-link-utils@1.4.0" has unmet peer dependency "tslib@^2.6.2".
warning "@solana/wallet-adapter-wallets > @solana/wallet-adapter-trezor > @trezor/connect-web > @trezor/connect > @trezor/connect-analytics@1.3.3" has unmet peer dependency "tslib@^2.6.2".
warning "@solana/wallet-adapter-wallets > @solana/wallet-adapter-trezor > @trezor/connect-web > @trezor/connect > @trezor/crypto-utils@1.1.3" has unmet peer dependency "tslib@^2.6.2".
warning "@solana/wallet-adapter-wallets > @solana/wallet-adapter-trezor > @trezor/connect-web > @trezor/connect > @trezor/protobuf@1.4.0" has unmet peer dependency "tslib@^2.6.2".
warning "@solana/wallet-adapter-wallets > @solana/wallet-adapter-trezor > @trezor/connect-web > @trezor/connect > @trezor/protocol@1.2.6" has unmet peer dependency "tslib@^2.6.2".
warning "@solana/wallet-adapter-wallets > @solana/wallet-adapter-trezor > @trezor/connect-web > @trezor/connect > @trezor/schema-utils@1.3.3" has unmet peer dependency "tslib@^2.6.2".
warning "@solana/wallet-adapter-wallets > @solana/wallet-adapter-trezor > @trezor/connect-web > @trezor/connect > @trezor/transport@1.5.0" has unmet peer dependency "tslib@^2.6.2".
warning "@solana/wallet-adapter-wallets > @solana/wallet-adapter-trezor > @trezor/connect-web > @trezor/connect > @trezor/utxo-lib@2.4.0" has unmet peer dependency "tslib@^2.6.2".
warning "@solana/wallet-adapter-wallets > @solana/wallet-adapter-trezor > @trezor/connect-web > @trezor/connect-common > @trezor/env-utils@1.4.0" has unmet peer dependency "tslib@^2.6.2".
warning "@solana/wallet-adapter-wallets > @solana/wallet-adapter-keystone > @keystonehq/sol-keyring > @solana/web3.js > @solana/codecs-numbers > @solana/codecs-core@2.1.1" has unmet peer dependency "typescript@>=5.3.3".
warning "@solana/wallet-adapter-wallets > @solana/wallet-adapter-keystone > @keystonehq/sol-keyring > @solana/web3.js > @solana/codecs-numbers > @solana/errors@2.1.1" has unmet peer dependency "typescript@>=5.3.3".
warning "@solana/wallet-adapter-wallets > @solana/wallet-adapter-torus > @toruslabs/solana-embed > @toruslabs/base-controllers > @toruslabs/openlogin-utils > @toruslabs/constants@13.4.0" has unmet peer dependency "@babel/runtime@7.x".
warning "@solana/wallet-adapter-wallets > @solana/wallet-adapter-trezor > @trezor/connect-web > @trezor/connect > @solana/kit > @solana/accounts@2.1.1" has unmet peer dependency "typescript@>=5.3.3".
warning "@solana/wallet-adapter-wallets > @solana/wallet-adapter-trezor > @trezor/connect-web > @trezor/connect > @solana/kit > @solana/addresses@2.1.1" has unmet peer dependency "typescript@>=5.3.3".
warning "@solana/wallet-adapter-wallets > @solana/wallet-adapter-trezor > @trezor/connect-web > @trezor/connect > @solana/kit > @solana/codecs@2.1.1" has unmet peer dependency "typescript@>=5.3.3".
warning "@solana/wallet-adapter-wallets > @solana/wallet-adapter-trezor > @trezor/connect-web > @trezor/connect > @solana/kit > @solana/functional@2.1.1" has unmet peer dependency "typescript@>=5.3.3".
warning "@solana/wallet-adapter-wallets > @solana/wallet-adapter-trezor > @trezor/connect-web > @trezor/connect > @solana/kit > @solana/instructions@2.1.1" has unmet peer dependency "typescript@>=5.3.3".
warning "@solana/wallet-adapter-wallets > @solana/wallet-adapter-trezor > @trezor/connect-web > @trezor/connect > @solana/kit > @solana/keys@2.1.1" has unmet peer dependency "typescript@>=5.3.3".
warning "@solana/wallet-adapter-wallets > @solana/wallet-adapter-trezor > @trezor/connect-web > @trezor/connect > @solana/kit > @solana/programs@2.1.1" has unmet peer dependency "typescript@>=5.3.3".
warning "@solana/wallet-adapter-wallets > @solana/wallet-adapter-trezor > @trezor/connect-web > @trezor/connect > @solana/kit > @solana/rpc@2.1.1" has unmet peer dependency "typescript@>=5.3.3".
warning "@solana/wallet-adapter-wallets > @solana/wallet-adapter-trezor > @trezor/connect-web > @trezor/connect > @solana/kit > @solana/rpc-parsed-types@2.1.1" has unmet peer dependency "typescript@>=5.3.3".
warning "@solana/wallet-adapter-wallets > @solana/wallet-adapter-trezor > @trezor/connect-web > @trezor/connect > @solana/kit > @solana/rpc-spec-types@2.1.1" has unmet peer dependency "typescript@>=5.3.3".
warning "@solana/wallet-adapter-wallets > @solana/wallet-adapter-trezor > @trezor/connect-web > @trezor/connect > @solana/kit > @solana/rpc-subscriptions@2.1.1" has unmet peer dependency "typescript@>=5.3.3".
warning "@solana/wallet-adapter-wallets > @solana/wallet-adapter-trezor > @trezor/connect-web > @trezor/connect > @solana/kit > @solana/rpc-types@2.1.1" has unmet peer dependency "typescript@>=5.3.3".
warning "@solana/wallet-adapter-wallets > @solana/wallet-adapter-trezor > @trezor/connect-web > @trezor/connect > @solana/kit > @solana/signers@2.1.1" has unmet peer dependency "typescript@>=5.3.3".
warning "@solana/wallet-adapter-wallets > @solana/wallet-adapter-trezor > @trezor/connect-web > @trezor/connect > @solana/kit > @solana/sysvars@2.1.1" has unmet peer dependency "typescript@>=5.3.3".
warning "@solana/wallet-adapter-wallets > @solana/wallet-adapter-trezor > @trezor/connect-web > @trezor/connect > @solana/kit > @solana/transaction-confirmation@2.1.1" has unmet peer dependency "typescript@>=5.3.3".
warning "@solana/wallet-adapter-wallets > @solana/wallet-adapter-trezor > @trezor/connect-web > @trezor/connect > @solana/kit > @solana/transaction-messages@2.1.1" has unmet peer dependency "typescript@>=5.3.3".
warning "@solana/wallet-adapter-wallets > @solana/wallet-adapter-trezor > @trezor/connect-web > @trezor/connect > @solana/kit > @solana/transactions@2.1.1" has unmet peer dependency "typescript@>=5.3.3".
warning "@solana/wallet-adapter-wallets > @solana/wallet-adapter-trezor > @trezor/connect-web > @trezor/connect > @trezor/blockchain-link > @trezor/websocket-client@1.2.0" has unmet peer dependency "tslib@^2.6.2".
warning "@solana/wallet-adapter-wallets > @solana/wallet-adapter-trezor > @trezor/connect-web > @trezor/connect > @trezor/connect-analytics > @trezor/analytics@1.3.5" has unmet peer dependency "tslib@^2.6.2".
warning "@solana/wallet-adapter-wallets > @solana/wallet-adapter-trezor > @trezor/connect-web > @trezor/connect > @solana/kit > @solana/accounts > @solana/codecs-strings@2.1.1" has unmet peer dependency "fastestsmallesttextencoderdecoder@^1.0.22".
warning "@solana/wallet-adapter-wallets > @solana/wallet-adapter-trezor > @trezor/connect-web > @trezor/connect > @solana/kit > @solana/accounts > @solana/codecs-strings@2.1.1" has unmet peer dependency "typescript@>=5.3.3".
warning "@solana/wallet-adapter-wallets > @solana/wallet-adapter-trezor > @trezor/connect-web > @trezor/connect > @solana/kit > @solana/accounts > @solana/rpc-spec@2.1.1" has unmet peer dependency "typescript@>=5.3.3".
warning "@solana/wallet-adapter-wallets > @solana/wallet-adapter-trezor > @trezor/connect-web > @trezor/connect > @solana/kit > @solana/addresses > @solana/assertions@2.1.1" has unmet peer dependency "typescript@>=5.3.3".
warning "@solana/wallet-adapter-wallets > @solana/wallet-adapter-trezor > @trezor/connect-web > @trezor/connect > @solana/kit > @solana/addresses > @solana/nominal-types@2.1.1" has unmet peer dependency "typescript@>=5.3.3".
warning "@solana/wallet-adapter-wallets > @solana/wallet-adapter-trezor > @trezor/connect-web > @trezor/connect > @solana/kit > @solana/codecs > @solana/codecs-data-structures@2.1.1" has unmet peer dependency "typescript@>=5.3.3".
warning "@solana/wallet-adapter-wallets > @solana/wallet-adapter-trezor > @trezor/connect-web > @trezor/connect > @solana/kit > @solana/codecs > @solana/options@2.1.1" has unmet peer dependency "typescript@>=5.3.3".
warning "@solana/wallet-adapter-wallets > @solana/wallet-adapter-trezor > @trezor/connect-web > @trezor/connect > @solana/kit > @solana/rpc > @solana/fast-stable-stringify@2.1.1" has unmet peer dependency "typescript@>=5.3.3".
warning "@solana/wallet-adapter-wallets > @solana/wallet-adapter-trezor > @trezor/connect-web > @trezor/connect > @solana/kit > @solana/rpc > @solana/rpc-api@2.1.1" has unmet peer dependency "typescript@>=5.3.3".
warning "@solana/wallet-adapter-wallets > @solana/wallet-adapter-trezor > @trezor/connect-web > @trezor/connect > @solana/kit > @solana/rpc > @solana/rpc-transformers@2.1.1" has unmet peer dependency "typescript@>=5.3.3".
warning "@solana/wallet-adapter-wallets > @solana/wallet-adapter-trezor > @trezor/connect-web > @trezor/connect > @solana/kit > @solana/rpc > @solana/rpc-transport-http@2.1.1" has unmet peer dependency "typescript@>=5.3.3".
warning "@solana/wallet-adapter-wallets > @solana/wallet-adapter-trezor > @trezor/connect-web > @trezor/connect > @solana/kit > @solana/rpc-subscriptions > @solana/promises@2.1.1" has unmet peer dependency "typescript@>=5.3.3".
warning "@solana/wallet-adapter-wallets > @solana/wallet-adapter-trezor > @trezor/connect-web > @trezor/connect > @solana/kit > @solana/rpc-subscriptions > @solana/rpc-subscriptions-api@2.1.1" has unmet peer dependency "typescript@>=5.3.3".
warning "@solana/wallet-adapter-wallets > @solana/wallet-adapter-trezor > @trezor/connect-web > @trezor/connect > @solana/kit > @solana/rpc-subscriptions > @solana/rpc-subscriptions-channel-websocket@2.1.1" has unmet peer dependency "typescript@>=5.3.3".
warning "@solana/wallet-adapter-wallets > @solana/wallet-adapter-trezor > @trezor/connect-web > @trezor/connect > @solana/kit > @solana/rpc-subscriptions > @solana/rpc-subscriptions-channel-websocket@2.1.1" has unmet peer dependency "ws@^8.18.0".
warning "@solana/wallet-adapter-wallets > @solana/wallet-adapter-trezor > @trezor/connect-web > @trezor/connect > @solana/kit > @solana/rpc-subscriptions > @solana/rpc-subscriptions-spec@2.1.1" has unmet peer dependency "typescript@>=5.3.3".
warning "@solana/wallet-adapter-wallets > @solana/wallet-adapter-trezor > @trezor/connect-web > @trezor/connect > @solana/kit > @solana/rpc-subscriptions > @solana/subscribable@2.1.1" has unmet peer dependency "typescript@>=5.3.3".
warning "@solana/wallet-adapter-wallets > @solana/wallet-adapter-trezor > @trezor/connect-web > @trezor/connect > @trezor/connect-analytics > @trezor/analytics > @trezor/env-utils@1.3.4" has unmet peer dependency "tslib@^2.6.2".
warning "@solana/wallet-adapter-wallets > @solana/wallet-adapter-trezor > @trezor/connect-web > @trezor/connect > @trezor/connect-analytics > @trezor/analytics > @trezor/utils@9.3.5" has unmet peer dependency "tslib@^2.6.2".
warning "@testing-library/react > @types/react-dom@18.3.7" has unmet peer dependency "@types/react@^18.0.0".
warning " > @testing-library/user-event@13.5.0" has unmet peer dependency "@testing-library/dom@>=7.21.4".
warning "react-scripts > eslint-config-react-app > eslint-plugin-flowtype@8.0.3" has unmet peer dependency "@babel/plugin-syntax-flow@^7.14.5".
warning "react-scripts > eslint-config-react-app > eslint-plugin-flowtype@8.0.3" has unmet peer dependency "@babel/plugin-transform-react-jsx@^7.14.9".
warning "react-scripts > react-dev-utils > fork-ts-checker-webpack-plugin@6.5.3" has unmet peer dependency "typescript@>= 2.7".
warning "react-scripts > eslint-config-react-app > @typescript-eslint/eslint-plugin > tsutils@3.21.0" has unmet peer dependency "typescript@>=2.8.0 || >= 3.2.0-dev || >= 3.3.0-dev || >= 3.4.0-dev || >= 3.5.0-dev || >= 3.6.0-dev || >= 3.6.0-beta || >= 3.7.0-dev || >= 3.7.0-beta".
warning Workspaces can only be enabled in private projects.
warning Workspaces can only be enabled in private projects.
[4/4] Building fresh packages...
warning Error running install script for optional dependency: "/app/frontend/node_modules/utf-8-validate: Command failed.
Exit code: 127
Command: node-gyp-build
Arguments: 
Directory: /app/frontend/node_modules/utf-8-validate
Output:
/bin/sh: 1: node-gyp-build: not found"
info This module is OPTIONAL, you can safely ignore this error
warning Workspaces can only be enabled in private projects.
warning Workspaces can only be enabled in private projects.
success Saved 4 new dependencies.
info Direct dependencies
├─ buffer@6.0.3
├─ crypto-browserify@3.12.1
├─ process@0.11.10
└─ stream-browserify@3.0.0
info All dependencies
├─ buffer@6.0.3
├─ crypto-browserify@3.12.1
├─ process@0.11.10
└─ stream-browserify@3.0.0
Done in 128.34s.
